Case #1: 3 4 6
Case #2: 31 32 33 34 35 36 37 38 39 40
Case #3: 4 6 9 10
Case #4: 401 402 403 404 405 406 407 408 409 410 411 412 413 414 415 416 417 418 419 420 421 422 423 424 425
Case #5: 1 2 3 5 8 10 12
Case #6: 73 76 80 86 88 89 91 93 94 97 98 100 104 105 108 109 110 114 116 118 121 123 125 127 129 130 131 133 135 137 140 142 143 144 145 150 152 156 158 160 161 162 166 168 169 170 171 172 176 178
Case #7: 1 2 3 4 5 6 7
Case #8: 4 8
Case #9: 644 715 749 776 799 822 873 901 925 956 983 988 1026 1051 1068 1072 1083 1108 1144 1169 1173 1194 1217 1240 1273 1289 1303 1321 1328 1364 1387 1407 1425 1431 1476 1505 1523 1542 1568 1593 1594 1607 1617 1648 1664 1711 1717 1764 1782 1801
Case #10: 3 8 12 13 14 15 26
Case #11: 26 35 40 45 46 49 52 58 60 65 67 69 71 74 75 78 81
Case #12: 2 4
Case #13: 15 16 17 18 19 20 21 22 23 24 25 26 27 28 29 30 31 32 33 34 35 36 37 38 39
Case #14: 6 8 9 11
Case #15: 9 12 13 16 20 23 25 27 32 35
Case #16: 2 3 4
Case #17: 22 222
Case #18: 2 3 4 5
Case #19: 5 6 7 8 9 10 11 12 13 14
Case #20: 13 17 19 21 24 26 29 30 32 35 38
Case #21: 20 23 29 32 34 37 39 42 43 45 48 51 53 54 61 64 66 69 72 73 74 77 80 83 84
Case #22: 7 15 22 28 33 37 40 41 42 59
Case #23: 2 22
Case #24: 14 17 19 23 25 28 29 32 34 36 39 41
Case #25: 651 652 653 654 655 656 657 658 659 660 661 662 663 664 665 666 667 668 669 670 671 672 673 674 675 676 677 678 679 680 681 682 683 684 685 686 687 688 689 690 691 692 693 694 695 696 697 698 699 700
Case #26: 18 23 26 27 29 31 36 40 42 45 46 48 53 54 58 61 64 66 67
Case #27: 48 56 72 78
Case #28: 4 5 6 7 8 9 10
Case #29: 295 345 379 392 394 423 465 482 529 552 555 577 589 605 621 624 626 678 690 711 751 763 797 813 847
Case #30: 12 16 18 21 24 28 29 32 33 34 40 44 47 52 54
Case #31: 1 2 4 6 7 8 9 10 11 12
Case #32: 10 17 20 23 26 31 33 42 44 46 48
Case #33: 1 2 3
Case #34: 16 39 61 82 102 121 139 156 172 187 201 214 226 237 247 256 257 258 259 260 261 262 263 264 332
Case #35: 16 18 21 23 26 29 30 33 34 38 39 42 44 45 46 47 50 52 53 54 55 57 59 62 64
Case #36: 3 5 6 12
Case #37: 2 6
Case #38: 32 33 34 35 36 37 38 39 40 41 42 43 44 45 46 47 48 49 50 51 52 53 54 55 56 57 58 59 60 61 62 63 64 65 66 67 68 69 70 71 72 73 74 75 76 77 78 79 80 81
Case #39: 79 115 138 174 206 231 236 256 268 302
Case #40: 49 60 63 66 79 85 89 91 95 101 110 116 120 124 126 127 132 136 139 143 149 151 154
Case #41: 9 10 11 12
Case #42: 3 5 10 13 16 17 18 21 22 25 27 29 30 32 33 34 36 38 39 41 42 45 46 49 50 52 54 57 58 61 64 66 69 72 73 76 77 80 82 85 86 87 88 91 94 95 98 100 102 104
Case #43: 3 4 5
Case #44: 49 72 81 84 122 134 151
Case #45: 22 26 28 29 36 42 43 46 51 52 55 58 61 62 65 67 70 73 76
Case #46: 5 53 100 146 191 192 193 194 195 196 197 198 199 200 201 202 203 204 205 206 207 208 209 210 211 212 213 214 215 216 217 218 219 220 221 222 223 224 225 226 227 228 229 230 231 232 233 234 235 1235
Case #47: 4 6 7 9 10 11 13
Case #48: 8 11 13 16 18 22 25 28 31 33 36 37 39 42 43 46 47 48 50 52
Case #49: 6 8
Case #50: 41 45 52 54 57 62 65 68 74 75 82 87 91 96 101 106 110 111 116 125 127 132 133 137 141
