Case #1: 3 4 6
Case #2: 17 21 23 24 28 30 33 35 38 39
Case #3: 9 24 45 48
Case #4: 4 14 24 34 44 54 64 74 84 94
Case #5: 12 17 19 22 24 26 27 29 31 35
Case #6: 3 5 7 9 11 13 14 15 17
Case #7: 2 6
Case #8: 22 222
Case #9: 3 10 17 24 31 38 45
Case #10: 4 8 12 16
Case #11: 6 8
Case #12: 2 4
Case #13: 2 3 6 8 9 11 13
Case #14: 2 4 5 10
Case #15: 2 22
Case #16: 17 19 24 25 26 31 34 39
Case #17: 3 4 5 6 7 8 9
Case #18: 1 4
Case #19: 3 5
Case #20: 6 8 9 11 12 13 15 16 18 19
Case #21: 3 4 5
Case #22: 1 3
Case #23: 10 15 20 21 26
Case #24: 2 3 5 8 10 12 13 15 17
Case #25: 7 15 22 28 33 37 40 41 42 59
Case #26: 32 59 72 117 127 142 149 154 180 218
Case #27: 5 7 10 12
Case #28: 9 10 11 12 13 14 15 16 17 18
Case #29: 11 12 19 26 27 32
Case #30: 86 112 133 138 160 168 182
Case #31: 1 3 4 5 7
Case #32: 1 4 7 10 11 13 16
Case #33: 15 16 19 28 30
Case #34: 2 4 5 7
Case #35: 23 27 29 32 35 39 43
Case #36: 11 15 23 26 31 33 35 38 40 44
Case #37: 1 3 4 7
Case #38: 2 3 4
Case #39: 4 9 13 16 17 18 28
Case #40: 4 8
Case #41: 7 10 11 14 16 18 20 21 23
Case #42: 18 21 26 30 36 40 44 48 51 55
Case #43: 20 24 27 31 35 36 41 43
Case #44: 1 2 3
Case #45: 13 18 19 22 26 30 34 36 39 41
Case #46: 4 5 6 7
Case #47: 4 5 7
Case #48: 3 5 7 9 13 16 17
Case #49: 3 7 9
Case #50: 23 27 30 31 35 40 44 48 49 53
