Case #1: 19 20
Case #2: 023 023
Case #3: 0 0
Case #4: 05 00
Case #5: 308919999929999099 310065000080601909
Case #6: 990008990999999090 990009000000000009
Case #7: 400208749995994909 402070000800860300
Case #8: 10010406040500000 06909695909199909
Case #9: 569999 600506
Case #10: 08929491919996999 09020703020508040
Case #11: 000000000000000009 000000000000000009
Case #12: 5 5
Case #13: 908 479
Case #14: 909090909090909090 909090909090909090
Case #15: 909090909090909099 909090909090909099
Case #16: 029 070
Case #17: 299777929909190999 640030000190030050
Case #18: 450505594496966965 450506405000505050
Case #19: 999999999999999999 999999999999999995
Case #20: 090900000000090005 059599990959955999
Case #21: 11010901010101010 09999091909191909
Case #22: 035790000100900000 032699288931129991
Case #23: 05060506050506050 04969495959596969
Case #24: 05999595959590999 10000505000005050
Case #25: 900000000000000000 900000000000000000
Case #26: 696910504400000600 194994009591499959
Case #27: 08002589049994 08002616010060
Case #28: 000000000000000010 000000000000000009
Case #29: 0 0
Case #30: 099999999999999999 099999999999999999
Case #31: 10090000000909000 09909099999099999
Case #32: 909090909090909090 909090909090909090
Case #33: 88 93
Case #34: 00090000050905000 00059099999595909
Case #35: 100000000000000000 099999999999999999
Case #36: 049 090
Case #37: 461 461
Case #38: 909090909090909090 909090909090909090
Case #39: 000101901000000100 000101900999909999
Case #40: 909090909090909090 909090909090909090
Case #41: 012345678999999999 012345680123456789
Case #42: 00100909090900010 00099090999091999
Case #43: 999999999999999999 999999999999999999
Case #44: 100000901909010911 100000901909010911
Case #45: 60069999994945919 60080001730548002
Case #46: 09090500090905000 09059095909099999
Case #47: 00676692 00675999
Case #48: 6643999674 6700050431
Case #49: 900881095034 900880796999
Case #50: 999999999999999999 999999999999999999
Case #51: 905500059050000050 905500059050000009
Case #52: 900099009999909999 900900000090990090
Case #53: 589779495089931 934690000000900
Case #54: 6000404902509021 4546999609199897
Case #55: 999999999999999999 999999999999999999
Case #56: 909090909090909095 909090909090909095
Case #57: 909090909090909095 909090909090909095
Case #58: 099999999999999999 099999999999999999
Case #59: 080 039
Case #60: 439799999550929999 440100531948280700
Case #61: 000000000000000009 000000000000000005
Case #62: 01999190969990959 04090609040605010
Case #63: 999999999999999999 999999999999999999
Case #64: 000009905599900950 000050000500050050
Case #65: 095999099955509905 550005050000505005
Case #66: 060 019
Case #67: 441999991907993399 442001301000500400
Case #68: 09099990999099909 09100909000009090
Case #69: 999999999999999999 099999999999999999
Case #70: 987654321000000000 987654319876543210
Case #71: 00009990959995909 00050505090909090
Case #72: 036000004062089410 035299692998949819
Case #73: 900000000000000000 900000000000000000
Case #74: 045312799719391399 045321052707051000
Case #75: 93 88
Case #76: 0510000 0470799
Case #77: 990000909000908093 909999990999993998
Case #78: 05000905000505090 00999090999999959
Case #79: 000004559905995959 000005000900000000
Case #80: 5 5
Case #81: 100099021059000807 099990679191999990
Case #82: 1369900 1362294
Case #83: 999999999999999999 999999999999999999
Case #84: 000000000000000009 000000000000000010
Case #85: 000000000000000005 000000000000000005
Case #86: 099999999999999999 099999999999999999
Case #87: 00 05
Case #88: 039 080
Case #89: 09909099999990909 10090909090000000
Case #90: 099999999999999999 999999999999999999
Case #91: 000000000000000009 000000000000000009
Case #92: 099999999999999999 100000000000000000
Case #93: 05000405010404090 01959490999690919
Case #94: 9 9
Case #95: 098003908092092002 093998992998993998
Case #96: 117000040000000 113031969999669
Case #97: 999999999999999999 999999999999999999
Case #98: 5200 4949
Case #99: 4001010860004 4001010819992
Case #100: 999999999999999999 999999999999999999
Case #101: 31000001050 26997499291
Case #102: 090 049
Case #103: 987654321000000000 987654320123456789
Case #104: 05 10
Case #105: 129582389199 131170007200
Case #106: 555500555009099900 555500555050050050
Case #107: 0 0
Case #108: 771050100250 592989989997
Case #109: 090000900090990009 090000099999999999
Case #110: 099999999999999999 900000000000000000
Case #111: 012345678999999999 012345679876543210
Case #112: 909090909090909099 909090909090909099
Case #113: 099999999999999999 909090909090909090
Case #114: 09909990999990999 10000000000009090
Case #115: 02943948945 02960590097
Case #116: 446604000000045605 446465964994954969
Case #117: 009100009199109199 009100010000000000
Case #118: 990995599909095959 995009509000000500
Case #119: 000000000000000000 000000000000000000
Case #120: 900000000000000005 900000000000000005
Case #121: 09099999909999909 09100900090000090
Case #122: 00 00
Case #123: 09100909000100010 09099090919091999
Case #124: 11010002010809060 08959194909292949
Case #125: 999999999999999999 999999999999999999
Case #126: 070 029
Case #127: 604599996645444599 606566006006055660
Case #128: 000000000000000000 000000000000000005
Case #129: 546666000050600044 546665595699999566
Case #130: 00959595959090959 05000500000000050
Case #131: 09010109090100000 09010099909990909
Case #132: 019 060
Case #133: 590 189
Case #134: 000000000000000005 000000000000000000
Case #135: 999999999999999999 999999999999999999
Case #136: 091109090990190090 090991990909019999
Case #137: 500005500005500055 050995999999099999
Case #138: 00099 00500
Case #139: 10 05
Case #140: 500000060106600000 199991906959649999
Case #141: 05959590959095909 10050500000505050
Case #142: 640000045000644546 545995996964469599
Case #143: 909090909090909090 099999999999999999
Case #144: 999999999999999999 999999999999999990
Case #145: 772207024099296999 772207024400020092
Case #146: 099999999999999999 099999999999999999
Case #147: 402941709 402941709
Case #148: 90007 90007
Case #149: 00500 00099
Case #150: 06060404040504040 04959494969694959
Case #151: 5031 5034
Case #152: 999999999999999999 999999999999999999
Case #153: 05050496959595959 05050506040605050
Case #154: 08979197929896989 12080301050002090
Case #155: 3605 3607
Case #156: 000000000000000005 000000000000000005
Case #157: 602043300000000500 602041969559979919
Case #158: 409504109950459949 409504146006000150
Case #159: 000000000000000000 000000000000000000
Case #160: 005505995999009099 005509055055099090
Case #161: 061465405095196500 061465405095196496
Case #162: 04969695909594999 09010401050101060
Case #163: 009 050
Case #164: 05060406050604040 04959594949595949
Case #165: 946540005600040440 619990999990195609
Case #166: 06969090969495949 09010505060609010
Case #167: 099999999999999999 099999999999999995
Case #168: 050 009
Case #169: 9032290000080 9031872197988
Case #170: 999999999999999990 999999999999999999
Case #171: 900000000000000005 900000000000000005
Case #172: 099909099099009900 990009000009099909
Case #173: 5280 5239
Case #174: 000000000000000005 000000000000000009
Case #175: 10000005000500050 05959090959595909
Case #176: 548989993999999996 900609900851200000
Case #177: 900000000000000009 900000000000000009
Case #178: 999999999999999999 999999999999999999
Case #179: 999999999999999999 999999999999999999
Case #180: 497923979130949329 500000154297053000
Case #181: 999999999999999995 999999999999999999
Case #182: 990019199999199911 990091019000000001
Case #183: 306305077800073000 091292959579926979
Case #184: 900000000000000009 900000000000000009
Case #185: 00100000000005000 00059590909095959
Case #186: 05050606060606060 05049595969694949
Case #187: 099999999999999995 099999999999999999
Case #188: 521059564477 521093303000
Case #189: 9 9
Case #190: 659990117 801001806
Case #191: 090999999010090090 090999999009990909
Case #192: 000000000000000000 000000000000000000
Case #193: 00959595959595909 05000505000505000
Case #194: 497397997809939999 500760401600727100
Case #195: 0000669993999794 0000674271121460
Case #196: 00909990919190909 01000009010109000
Case #197: 03959599979994979 08020704040609030
Case #198: 000000005000050000 000000005000050000
Case #199: 900000000000000000 099999999999999999
Case #200: 09080005040101090 09069797939594949
