Case #1: 19 20
Case #2: 023 023
Case #3: 0 0
Case #4: 05 00
Case #5: 120 089
Case #6: 199 651
Case #7: 00 00
Case #8: 919 958
Case #9: 9 9
Case #10: 205 095
Case #11: 679 677
Case #12: 093 098
Case #13: 760 751
Case #14: 049 090
Case #15: 99 99
Case #16: 990 909
Case #17: 011 011
Case #18: 800 299
Case #19: 99 99
Case #20: 019 050
Case #21: 004 004
Case #22: 246 246
Case #23: 048 046
Case #24: 307 307
Case #25: 308 310
Case #26: 807 810
Case #27: 060 060
Case #28: 350 350
Case #29: 991 729
Case #30: 988 992
Case #31: 607 607
Case #32: 05 05
Case #33: 700 034
Case #34: 127 127
Case #35: 800 800
Case #36: 90 90
Case #37: 078 073
Case #38: 563 563
Case #39: 09 99
Case #40: 99 99
Case #41: 09 09
Case #42: 019 060
Case #43: 910 909
Case #44: 90 09
Case #45: 311 307
Case #46: 90 90
Case #47: 270 270
Case #48: 069 100
Case #49: 079 110
Case #50: 736 736
Case #51: 800 699
Case #52: 607 594
Case #53: 99 99
Case #54: 099 099
Case #55: 040 009
Case #56: 029 070
Case #57: 10 05
Case #58: 499 602
Case #59: 967 997
Case #60: 000 000
Case #61: 720 079
Case #62: 721 679
Case #63: 060 019
Case #64: 470 470
Case #65: 704 701
Case #66: 849 849
Case #67: 900 809
Case #68: 020 020
Case #69: 886 886
Case #70: 88 93
Case #71: 00 05
Case #72: 040 040
Case #73: 098 093
Case #74: 755 399
Case #75: 0 0
Case #76: 159 161
Case #77: 083 240
Case #78: 089 120
Case #79: 069 071
Case #80: 90 99
Case #81: 380 380
Case #82: 730 727
Case #83: 039 070
Case #84: 748 750
Case #85: 640 619
Case #86: 116 116
Case #87: 00 00
Case #88: 09 05
Case #89: 099 909
Case #90: 039 080
Case #91: 909 990
Case #92: 197 527
Case #93: 110 079
Case #94: 836 839
Case #95: 99 99
Case #96: 988 993
Case #97: 000 000
Case #98: 99 99
Case #99: 050 009
Case #100: 110 065
Case #101: 005 005
Case #102: 90 90
Case #103: 070 039
Case #104: 9 9
Case #105: 599 601
Case #106: 00 00
Case #107: 0 0
Case #108: 060 013
Case #109: 603 603
Case #110: 99 95
Case #111: 707 597
Case #112: 99 09
Case #113: 627 632
Case #114: 005 001
Case #115: 010 009
Case #116: 99 99
Case #117: 709 709
Case #118: 00 00
Case #119: 397 760
Case #120: 500 196
Case #121: 550 550
Case #122: 05 09
Case #123: 993 988
Case #124: 95 95
Case #125: 93 88
Case #126: 080 039
Case #127: 071 071
Case #128: 058 058
Case #129: 090 059
Case #130: 100 069
Case #131: 748 748
Case #132: 099 130
Case #133: 059 090
Case #134: 95 99
Case #135: 660 229
Case #136: 102 098
Case #137: 099 100
Case #138: 09 09
Case #139: 369 378
Case #140: 090 079
Case #141: 559 601
Case #142: 082 082
Case #143: 080 049
Case #144: 992 988
Case #145: 060 029
Case #146: 021 021
Case #147: 130 099
Case #148: 99 90
Case #149: 09 09
Case #150: 600 600
Case #151: 5 5
Case #152: 00 00
Case #153: 070 029
Case #154: 489 520
Case #155: 050 019
Case #156: 009 040
Case #157: 220 219
Case #158: 788 788
Case #159: 668 702
Case #160: 905 908
Case #161: 09 09
Case #162: 071 071
Case #163: 05 05
Case #164: 740 740
Case #165: 90 90
Case #166: 100 099
Case #167: 480 339
Case #168: 00 00
Case #169: 029 060
Case #170: 090 049
Case #171: 09 10
Case #172: 023 023
Case #173: 397 401
Case #174: 05 10
Case #175: 179 181
Case #176: 10 09
Case #177: 030 070
Case #178: 5 5
Case #179: 95 95
Case #180: 05 05
Case #181: 009 050
Case #182: 99 99
Case #183: 00 00
Case #184: 439 440
Case #185: 972 919
Case #186: 497 500
Case #187: 006 003
Case #188: 909 910
Case #189: 009 080
Case #190: 05 05
Case #191: 09 90
Case #192: 499 620
Case #193: 049 080
Case #194: 933 930
Case #195: 826 826
Case #196: 496 464
Case #197: 802 810
Case #198: 199 199
Case #199: 790 956
Case #200: 092 093
