Case #1: 00 00
Case #2: 000 000
Case #3: 0 0
Case #4: 00 00
Case #5: 000 000
Case #6: 000 000
Case #7: 00 00
Case #8: 000 000
Case #9: 0 0
Case #10: 000 000
Case #11: 000 000
Case #12: 000 000
Case #13: 000 000
Case #14: 000 000
Case #15: 00 00
Case #16: 000 000
Case #17: 000 000
Case #18: 000 000
Case #19: 00 00
Case #20: 000 000
Case #21: 000 000
Case #22: 000 000
Case #23: 000 000
Case #24: 000 000
Case #25: 000 000
Case #26: 000 000
Case #27: 000 000
Case #28: 000 000
Case #29: 000 000
Case #30: 000 000
Case #31: 000 000
Case #32: 00 00
Case #33: 000 000
Case #34: 000 000
Case #35: 000 000
Case #36: 00 00
Case #37: 000 000
Case #38: 000 000
Case #39: 00 00
Case #40: 00 00
Case #41: 00 00
Case #42: 000 000
Case #43: 000 000
Case #44: 00 00
Case #45: 000 000
Case #46: 00 00
Case #47: 000 000
Case #48: 000 000
Case #49: 000 000
Case #50: 000 000
Case #51: 000 000
Case #52: 000 000
Case #53: 00 00
Case #54: 000 000
Case #55: 000 000
Case #56: 000 000
Case #57: 00 00
Case #58: 000 000
Case #59: 000 000
Case #60: 000 000
Case #61: 000 000
Case #62: 000 000
Case #63: 000 000
Case #64: 000 000
Case #65: 000 000
Case #66: 000 000
Case #67: 000 000
Case #68: 000 000
Case #69: 000 000
Case #70: 00 00
Case #71: 00 00
Case #72: 000 000
Case #73: 000 000
Case #74: 000 000
Case #75: 0 0
Case #76: 000 000
Case #77: 000 000
Case #78: 000 000
Case #79: 000 000
Case #80: 00 00
Case #81: 000 000
Case #82: 000 000
Case #83: 000 000
Case #84: 000 000
Case #85: 000 000
Case #86: 000 000
Case #87: 00 00
Case #88: 00 00
Case #89: 000 000
Case #90: 000 000
Case #91: 000 000
Case #92: 000 000
Case #93: 000 000
Case #94: 000 000
Case #95: 00 00
Case #96: 000 000
Case #97: 000 000
Case #98: 00 00
Case #99: 000 000
Case #100: 000 000
Case #101: 000 000
Case #102: 00 00
Case #103: 000 000
Case #104: 0 0
Case #105: 000 000
Case #106: 00 00
Case #107: 0 0
Case #108: 000 000
Case #109: 000 000
Case #110: 00 00
Case #111: 000 000
Case #112: 00 00
Case #113: 000 000
Case #114: 000 000
Case #115: 000 000
Case #116: 00 00
Case #117: 000 000
Case #118: 00 00
Case #119: 000 000
Case #120: 000 000
Case #121: 000 000
Case #122: 00 00
Case #123: 000 000
Case #124: 00 00
Case #125: 00 00
Case #126: 000 000
Case #127: 000 000
Case #128: 000 000
Case #129: 000 000
Case #130: 000 000
Case #131: 000 000
Case #132: 000 000
Case #133: 000 000
Case #134: 00 00
Case #135: 000 000
Case #136: 000 000
Case #137: 000 000
Case #138: 00 00
Case #139: 000 000
Case #140: 000 000
Case #141: 000 000
Case #142: 000 000
Case #143: 000 000
Case #144: 000 000
Case #145: 000 000
Case #146: 000 000
Case #147: 000 000
Case #148: 00 00
Case #149: 00 00
Case #150: 000 000
Case #151: 0 0
Case #152: 00 00
Case #153: 000 000
Case #154: 000 000
Case #155: 000 000
Case #156: 000 000
Case #157: 000 000
Case #158: 000 000
Case #159: 000 000
Case #160: 000 000
Case #161: 00 00
Case #162: 000 000
Case #163: 00 00
Case #164: 000 000
Case #165: 00 00
Case #166: 000 000
Case #167: 000 000
Case #168: 00 00
Case #169: 000 000
Case #170: 000 000
Case #171: 00 00
Case #172: 000 000
Case #173: 000 000
Case #174: 00 00
Case #175: 000 000
Case #176: 00 00
Case #177: 000 000
Case #178: 0 0
Case #179: 00 00
Case #180: 00 00
Case #181: 000 000
Case #182: 00 00
Case #183: 00 00
Case #184: 000 000
Case #185: 000 000
Case #186: 000 000
Case #187: 000 000
Case #188: 000 000
Case #189: 000 000
Case #190: 00 00
Case #191: 00 00
Case #192: 000 000
Case #193: 000 000
Case #194: 000 000
Case #195: 000 000
Case #196: 000 000
Case #197: 000 000
Case #198: 000 000
Case #199: 000 000
Case #200: 000 000
